SelectAllFiles=false
AscendancyTree=true
SOSA=false
Century1=false
Century2=false
CenturyEvent=false
UpperName=false
ParticuleSort=true
XMLSamePage=false
UserPlaces=false
PreFileName=false
HTML_XML=true
FlashList=true
Frame=true
CompactInfo=false
BirthdayTab=true
NickNameDate=false
PHPDynamicMap=false
EvntOld=true
FirstLetterPage=false
NameNickName=false
IncideGEDCOM=false
OptionsRegistry=false
SuppAccent=true
DeadInfo=false
CountryOnly=false
BirthDayTbl=true
ShowResult=false
SosaBox=false
StatBox=false
FullList=false
CenturyBirth=false
IndSepare=false
IndSheet=false
ChkNewVer=true
DocSubFolder=false
DescTree=false
DocEndCard=false
Chronogramme=true
BirthPlace=true
StatsDates=true
Search=true
EvntNoDateEnd=false
Chronology=true
Brothers=true
AscTreeDetail=true
CityMap=true
IndLinkAsso=true
DetailChronog=false
TruncNickNames=false
InvertNames=false
Nickname=false
ZonesMap=true
PHPevntShort=false
FlashPatroPlace=false
PictureTree=true
CryptEmail=false
GedcomDownload=false
MainMetaHead=true
MainGraphics=true
DocEvntSources=false
DocActs=false
Timbres=true
GoogleCoord=false
GedcomCPost=false
ChildrenPlace=true
CsvColTitle=true
CsvEtendu=false
CsvAllEvents=false
CsvOccurEvents=false
CsvRenumId=false
CsvMandatory=false
CsvClassCol=true
CsvUnknnDate=false
CsvPrefixDate=false
CsvMultiFic=false
CsvConjoints=false
CsvInfoDead=false
CsvUTF8=true
DispUnknTag=true
DisplayName=false
DisplayPriv=true
OptionPage=false
ConverionType=2
MainFontSize=0
CenturyEventMar=0
FirstSOSA=4294967295
FirstSOSAind=
FirstSOSAname=
FirstSOSAfname=
CSVcolumnOrder=NICK,_MARNM,NSFX,_FORMERNAME,SOSA,BIRT,RELI,BAPM,CHR,CHRA,_CIRC,BARM,EDUC,GRAD,OCCU,DEADINFO,PARTNER,GENERATION,ENGA,MARR,MARL,NMR,DIV,MILI,RESI,CENS,EMIG,IMMI,NATI,NATU,DEAT,BURI,CREM,EVEN,DSCR,IDNO,SSN
Language=8
PageSize=32000
CenturyYear=1920
TableColor=16313360
SosaColor=255
ZoneNameColor=16711680
CityNameColor=16711680
CityColor=16711680
ZoneColor=255
HTMLBckColor=12973045
HTMLTextColor=102
HTMLBirtColor=16768511
HTMLDeatColor=13421772
HTMLMargColor=16770533
HTMLEvntColor=15658734
DispPlcOrdr=0
XLSDATEFORMAT=0
XLSPLACEFORMAT=0
PlaceFormat=0
MenuType=1
MainType=2
NteMode=2
SrcMode=2
SrcDocPic=3
Title=
Author=
Mail=
GedFile=C:\Users\UFFS\Documents\_Luana\Gnoatto Tabela.ged
OutFile=C:\Users\UFFS\Documents\_Luana\gen
BackGroundFile=#F5F3C5
Footer=
Head=
Body=
Encoding=UTF-8
PictureHeight=
PictureHeightInd=
MainPageDocTpRg=
MainPageDocBtRg=
MainPageDocTpLf=
MainPageDocBtLf=
CountryDefault=
CompType=
Version=1.41c
BuildDate=Aug 26 2023
BuildTime=20:41:26
DisplayGedTag=0111111111011111111111111111110111111111111111111111111111111111111111111111111111111111111111111111111111011111111111111111111111111110101101111110101110011
Build version : 64 bits
Hardware information: 
  OEM ID: 9
  Number of processors: 4
  Page size: 4096
  Processor type: 8664
  Minimum application address: 10000
  Maximum application address: fffeffff
  Active processor mask: 15
  Memory : 7977
Jour : 08/05/2025
20:19:47(0)=Gedcom.cpp:CGedcom::traite_fichier:783:m_ulCpt_Ligne=44876, m_Fichier_Ged->m_ulNbLignes=44876
20:19:47(1)=Gedcom.cpp:CGedcom::traite_fichier:784:m_ulNbIndividus=3169
20:19:47(2)=MFCoxygen64Dlg.cpp:CMFCoxygen64AppDlg::chargeGedcom:1318:GENEALOGIA PROTASIO FINAL.ged : 44876/44876
20:19:47(3)=MFCoxygen64Dlg.cpp:.:856:Step 2/31 : Copying documents
20:19:47(4)=MFCoxygen64Dlg.cpp:.:856:Step 3/31 : Place loading
20:19:47(5)=lieux_charge_countries.cpp:Cdata_lieux::chargement_data_pays_json:53:lieux_charge_countries.cpp:Cdata_lieux::chargement_data_pays_json:53: m_pays_buffer_libelle = 30976
20:19:47(6)=lieux_charge_zones.cpp:Cdata_lieux::chargement_data_zones_json:28:D:\SALVAR12MAI2024\oxy-gen\zones.json file loaded : 4168 nodes
20:19:47(7)=lieux_charge_villes.cpp:Cdata_lieux::chargement_data_villes_pays_json:154:D:\SALVAR12MAI2024\oxy-gen\cities_DZA.json file loaded : 47509 nodes
20:19:47(8)=lieux_charge_villes.cpp:Cdata_lieux::chargement_data_villes_pays_json:154:D:\SALVAR12MAI2024\oxy-gen\cities_ARG.json file loaded : 38260 nodes
20:19:47(9)=lieux_charge_villes.cpp:Cdata_lieux::chargement_data_villes_pays_json:154:D:\SALVAR12MAI2024\oxy-gen\cities_AUS.json file loaded : 52296 nodes
20:19:47(10)=lieux_charge_villes.cpp:Cdata_lieux::chargement_data_villes_pays_json:154:D:\SALVAR12MAI2024\oxy-gen\cities_AUT.json file loaded : 22 nodes
20:19:47(11)=lieux_charge_villes.cpp:Cdata_lieux::chargement_data_villes_pays_json:154:D:\SALVAR12MAI2024\oxy-gen\cities_BEL.json file loaded : 13117 nodes
20:19:47(12)=lieux_charge_villes.cpp:Cdata_lieux::chargement_data_villes_pays_json:154:D:\SALVAR12MAI2024\oxy-gen\cities_BRA.json file loaded : 10 nodes
20:19:47(13)=lieux_charge_villes.cpp:Cdata_lieux::chargement_data_villes_pays_json:154:D:\SALVAR12MAI2024\oxy-gen\cities_CAN.json file loaded : 25597 nodes
20:19:47(14)=lieux_charge_villes.cpp:Cdata_lieux::chargement_data_villes_pays_json:154:D:\SALVAR12MAI2024\oxy-gen\cities_CIV.json file loaded : 12 nodes
20:19:47(15)=lieux_charge_villes.cpp:Cdata_lieux::chargement_data_villes_pays_json:154:D:\SALVAR12MAI2024\oxy-gen\cities_HRV.json file loaded : 13144 nodes
20:19:47(16)=lieux_charge_villes.cpp:Cdata_lieux::chargement_data_villes_pays_json:154:D:\SALVAR12MAI2024\oxy-gen\cities_CZE.json file loaded : 19965 nodes
20:19:47(17)=lieux_charge_villes.cpp:Cdata_lieux::chargement_data_villes_pays_json:154:D:\SALVAR12MAI2024\oxy-gen\cities_DNK.json file loaded : 10 nodes
20:19:47(18)=lieux_charge_villes.cpp:Cdata_lieux::chargement_data_villes_pays_json:154:D:\SALVAR12MAI2024\oxy-gen\cities_EGY.json file loaded : 38 nodes
20:19:47(19)=lieux_charge_villes.cpp:Cdata_lieux::chargement_data_villes_pays_json:154:D:\SALVAR12MAI2024\oxy-gen\cities_FIN.json file loaded : 10546 nodes
20:19:47(20)=lieux_charge_villes.cpp:Cdata_lieux::chargement_data_villes_pays_json:154:D:\SALVAR12MAI2024\oxy-gen\cities_FRA.json file loaded : 210801 nodes
20:19:48(21)=lieux_charge_villes.cpp:Cdata_lieux::chargement_data_villes_pays_json:154:D:\SALVAR12MAI2024\oxy-gen\cities_DZAF.json file loaded : 2010 nodes
20:19:48(22)=lieux_charge_villes.cpp:Cdata_lieux::chargement_data_villes_pays_json:154:D:\SALVAR12MAI2024\oxy-gen\cities_DEU.json file loaded : 341401 nodes
20:19:48(23)=lieux_charge_villes.cpp:Cdata_lieux::chargement_data_villes_pays_json:154:D:\SALVAR12MAI2024\oxy-gen\cities_GRC.json file loaded : 17 nodes
20:19:48(24)=lieux_charge_villes.cpp:Cdata_lieux::chargement_data_villes_pays_json:154:D:\SALVAR12MAI2024\oxy-gen\cities_GNB.json file loaded : 10 nodes
20:19:48(25)=lieux_charge_villes.cpp:Cdata_lieux::chargement_data_villes_pays_json:154:D:\SALVAR12MAI2024\oxy-gen\cities_IND.json file loaded : 10 nodes
20:19:48(26)=lieux_charge_villes.cpp:Cdata_lieux::chargement_data_villes_pays_json:154:D:\SALVAR12MAI2024\oxy-gen\cities_IDC.json file loaded : 32 nodes
20:19:48(27)=lieux_charge_villes.cpp:Cdata_lieux::chargement_data_villes_pays_json:154:D:\SALVAR12MAI2024\oxy-gen\cities_IRL.json file loaded : 44556 nodes
20:19:48(28)=lieux_charge_villes.cpp:Cdata_lieux::chargement_data_villes_pays_json:154:D:\SALVAR12MAI2024\oxy-gen\cities_ITA.json file loaded : 88301 nodes
20:19:48(29)=lieux_charge_villes.cpp:Cdata_lieux::chargement_data_villes_pays_json:154:D:\SALVAR12MAI2024\oxy-gen\cities_LBN.json file loaded : 10 nodes
20:19:48(30)=lieux_charge_villes.cpp:Cdata_lieux::chargement_data_villes_pays_json:154:D:\SALVAR12MAI2024\oxy-gen\cities_LUX.json file loaded : 2898 nodes
20:19:48(31)=lieux_charge_villes.cpp:Cdata_lieux::chargement_data_villes_pays_json:154:D:\SALVAR12MAI2024\oxy-gen\cities_MDG.json file loaded : 10 nodes
20:19:48(32)=lieux_charge_villes.cpp:Cdata_lieux::chargement_data_villes_pays_json:154:D:\SALVAR12MAI2024\oxy-gen\cities_MEX.json file loaded : 238333 nodes
20:19:48(33)=lieux_charge_villes.cpp:Cdata_lieux::chargement_data_villes_pays_json:154:D:\SALVAR12MAI2024\oxy-gen\cities_MCO.json file loaded : 10 nodes
20:19:48(34)=lieux_charge_villes.cpp:Cdata_lieux::chargement_data_villes_pays_json:154:D:\SALVAR12MAI2024\oxy-gen\cities_MAR.json file loaded : 16 nodes
20:19:48(35)=lieux_charge_villes.cpp:Cdata_lieux::chargement_data_villes_pays_json:154:D:\SALVAR12MAI2024\oxy-gen\cities_NLD.json file loaded : 21272 nodes
20:19:48(36)=lieux_charge_villes.cpp:Cdata_lieux::chargement_data_villes_pays_json:154:D:\SALVAR12MAI2024\oxy-gen\cities_NCL.json file loaded : 3815 nodes
20:19:48(37)=lieux_charge_villes.cpp:Cdata_lieux::chargement_data_villes_pays_json:154:D:\SALVAR12MAI2024\oxy-gen\cities_POL.json file loaded : 900 nodes
20:19:48(38)=lieux_charge_villes.cpp:Cdata_lieux::chargement_data_villes_pays_json:154:D:\SALVAR12MAI2024\oxy-gen\cities_PRT.json file loaded : 74035 nodes
20:19:48(39)=lieux_charge_villes.cpp:Cdata_lieux::chargement_data_villes_pays_json:154:D:\SALVAR12MAI2024\oxy-gen\cities_RUS.json file loaded : 21 nodes
20:19:48(40)=lieux_charge_villes.cpp:Cdata_lieux::chargement_data_villes_pays_json:154:D:\SALVAR12MAI2024\oxy-gen\cities_SEN.json file loaded : 16 nodes
20:19:48(41)=lieux_charge_villes.cpp:Cdata_lieux::chargement_data_villes_pays_json:154:D:\SALVAR12MAI2024\oxy-gen\cities_SCG.json file loaded : 22 nodes
20:19:48(42)=lieux_charge_villes.cpp:Cdata_lieux::chargement_data_villes_pays_json:154:D:\SALVAR12MAI2024\oxy-gen\cities_ZAF.json file loaded : 32 nodes
20:19:49(43)=lieux_charge_villes.cpp:Cdata_lieux::chargement_data_villes_pays_json:154:D:\SALVAR12MAI2024\oxy-gen\cities_ESP.json file loaded : 139540 nodes
20:19:49(44)=lieux_charge_villes.cpp:Cdata_lieux::chargement_data_villes_pays_json:154:D:\SALVAR12MAI2024\oxy-gen\cities_SWE.json file loaded : 7951 nodes
20:19:49(45)=lieux_charge_villes.cpp:Cdata_lieux::chargement_data_villes_pays_json:154:D:\SALVAR12MAI2024\oxy-gen\cities_CHE.json file loaded : 10450 nodes
20:19:49(46)=lieux_charge_villes.cpp:Cdata_lieux::chargement_data_villes_pays_json:154:D:\SALVAR12MAI2024\oxy-gen\cities_TUN.json file loaded : 44 nodes
20:19:49(47)=lieux_charge_villes.cpp:Cdata_lieux::chargement_data_villes_pays_json:154:D:\SALVAR12MAI2024\oxy-gen\cities_TUR.json file loaded : 6053 nodes
20:19:49(48)=lieux_charge_villes.cpp:Cdata_lieux::chargement_data_villes_pays_json:154:D:\SALVAR12MAI2024\oxy-gen\cities_UKR.json file loaded : 214 nodes
20:19:49(49)=lieux_charge_villes.cpp:Cdata_lieux::chargement_data_villes_pays_json:154:D:\SALVAR12MAI2024\oxy-gen\cities_GBR.json file loaded : 7892 nodes
20:19:49(50)=lieux_charge_villes.cpp:Cdata_lieux::chargement_data_villes_pays_json:154:D:\SALVAR12MAI2024\oxy-gen\cities_USA.json file loaded : 150689 nodes
20:19:49(51)=lieux_charge_villes.cpp:Cdata_lieux::chargement_data_villes_pays_json:154:D:\SALVAR12MAI2024\oxy-gen\cities_VNM.json file loaded : 10 nodes
20:19:49(52)=data_lieux.cpp:Cdata_lieux::ChargeLieuxUtilisateur:1725:C:\Users\UFFS\AppData\Roaming\oxy-gen\user_places.txt loaded : 0 lines
20:19:49(53)=MFCoxygen64Dlg.cpp:.:856:Step 4/31 : Individuals list initilisation
20:19:49(54)=MFCoxygen64Dlg.cpp:.:856:Step 5/31 : Individuals Ids initilisation
20:19:49(55)=MFCoxygen64Dlg.cpp:.:856:Step 6/31 : Place sort
20:19:49(56)=generation_envt.cpp:CGenEvnt::Tri_Evnt_Dates_Lieux:207: 0/3169
20:19:49(57)=MFCoxygen64Dlg.cpp:.:856:Step 7/31 : Place deduction
20:19:49(58)=MFCoxygen64Dlg.cpp:.:856:Step 8/31 : Birth places pagees generation
20:19:49(59)=MFCoxygen64Dlg.cpp:.:856:Step 9/31 : Sentence js files generation
20:19:49(60)=MFCoxygen64Dlg.cpp:.:856:Step 10/31 : Document list initialisation
20:19:49(61)=MFCoxygen64Dlg.cpp:.:856:Step 11/31 : HTML pages initialization
20:19:50(62)=MFCoxygen64Dlg.cpp:.:856:Step 12/31 : Statistiques pages generation
20:19:50(63)=MFCoxygen64Dlg.cpp:.:856:Step 13/31 : Dates list pages generation
20:19:50(64)=MFCoxygen64Dlg.cpp:.:856:Step 14/31 : Notes/sources pages generation
20:19:50(65)=HTML_Notes.cpp:CGenHTML::GenerationNotes:39:GenerationNotes : 0
20:19:50(66)=HTML_Notes.cpp:CGenHTML::GenerationNotes:208:GenerationNotes : 0/3169
20:19:50(67)=HTML_Notes.cpp:CGenHTML::GenerationNotes:137:GenerationNotes
20:19:50(68)=MFCoxygen64Dlg.cpp:.:856:Step 15/31 : Chronogrammes pages generation
20:19:50(69)=MFCoxygen64Dlg.cpp:.:856:Step 16/31 : Frames pages generation
20:19:50(70)=MFCoxygen64Dlg.cpp:.:856:Step 17/31 : Anniversaries pages generation
20:19:50(71)=MFCoxygen64Dlg.cpp:.:856:Step 18/31 : Patronym page generation
20:19:50(72)=MFCoxygen64Dlg.cpp:.:856:Step 19/31 : Main page generation
20:19:50(73)=MFCoxygen64Dlg.cpp:.:856:Step 20/31 : Picture gallery generation
20:19:50(74)=MFCoxygen64Dlg.cpp:.:856:Step 21/31 : HTML pages generation
20:19:50(75)=MFCoxygen64Dlg.cpp:.:856:Step 22/31 : Place Javascript list initialisation
20:19:50(76)=MFCoxygen64Dlg.cpp:.:856:Step 23/31 : Search pages generation
20:19:50(77)=MFCoxygen64Dlg.cpp:.:856:Step 24/31 : Javascript detail event list generation
20:19:50(78)=MFCoxygen64Dlg.cpp:.:856:Step 25/31 : Top 10 page generation
20:19:50(79)=MFCoxygen64Dlg.cpp:.:856:Step 26/31 : Birth places pages generation
20:19:50(80)=MFCoxygen64Dlg.cpp:.:856:Step 27/31 : Maps generation
20:19:51(81)=MFCoxygen64Dlg.cpp:.:856:Step 28/31 : List eclair list generation
20:19:51(82)=MFCoxygen64Dlg.cpp:.:856:Step 29/31 : Documents list pages generation
20:19:51(83)=MFCoxygen64Dlg.cpp:.:856:Step 30/31 : World map page generation
20:19:51(84)=MFCoxygen64Dlg.cpp:.:856:Step 31/31 : Memoy releasing
]]